\BOOKMARK [0][-]{chapter.1}{Introduction}{}
\BOOKMARK [1][-]{section.1.1}{Main Features}{chapter.1}
\BOOKMARK [1][-]{section.1.2}{Comparing ocp-build to others}{chapter.1}
\BOOKMARK [0][-]{chapter.2}{Tutorial: Building an ocp-build project}{}
\BOOKMARK [1][-]{section.2.1}{ocp-build file hierarchy}{chapter.2}
\BOOKMARK [1][-]{section.2.2}{Invoking ocp-build}{chapter.2}
\BOOKMARK [1][-]{section.2.3}{Setting ocp-build default parameters}{chapter.2}
\BOOKMARK [0][-]{chapter.3}{Tutorial: How to use ocp-build in your projects}{}
\BOOKMARK [1][-]{section.3.1}{Building a simple program}{chapter.3}
\BOOKMARK [0][-]{chapter.4}{Building OCaml Projects with ocp-build}{}
\BOOKMARK [1][-]{section.4.1}{Environment Variables}{chapter.4}
\BOOKMARK [1][-]{section.4.2}{Configuration Files}{chapter.4}
\BOOKMARK [1][-]{section.4.3}{Compilation Layout}{chapter.4}
\BOOKMARK [1][-]{section.4.4}{Format of the package description files \(.ocp\)}{chapter.4}
\BOOKMARK [2][-]{subsection.4.4.1}{Description of Simple Packages}{section.4.4}
\BOOKMARK [2][-]{subsection.4.4.2}{OCaml Configuration}{section.4.4}
\BOOKMARK [2][-]{subsection.4.4.3}{OCaml options}{section.4.4}
\BOOKMARK [2][-]{subsection.4.4.4}{Advanced options}{section.4.4}
\BOOKMARK [1][-]{section.4.5}{Command line options}{chapter.4}
\BOOKMARK [0][-]{chapter.5}{Managing tests with ocp-build}{}
\BOOKMARK [1][-]{section.5.1}{Running tests}{chapter.5}
\BOOKMARK [1][-]{section.5.2}{Adding tests to your packages}{chapter.5}
\BOOKMARK [2][-]{subsection.5.2.1}{Creating an independant ``test'' package}{section.5.2}
\BOOKMARK [2][-]{subsection.5.2.2}{Including tests in a ``program'' package}{section.5.2}
\BOOKMARK [2][-]{subsection.5.2.3}{Adding external tests to a ``program'' package}{section.5.2}
\BOOKMARK [2][-]{subsection.5.2.4}{Complex examples}{section.5.2}
\BOOKMARK [0][-]{chapter.6}{Managing Syntax Extensions with ocp-build}{}
\BOOKMARK [0][-]{chapter.7}{Installation}{}
\BOOKMARK [1][-]{section.7.1}{Installing with opam}{chapter.7}
\BOOKMARK [1][-]{section.7.2}{Installing from GitHub}{chapter.7}
